0 info it worked if it ends with ok
1 verbose cli [ '/usr/local/Cellar/node/7.5.0/bin/node',
1 verbose cli   '/usr/local/bin/npm',
1 verbose cli   'start' ]
2 info using npm@4.1.2
3 info using node@v7.5.0
4 verbose run-script [ 'prestart', 'start', 'poststart' ]
5 info lifecycle awesomePackages@~prestart: awesomePackages@
6 silly lifecycle awesomePackages@~prestart: no script for prestart, continuing
7 info lifecycle awesomePackages@~start: awesomePackages@
8 verbose lifecycle awesomePackages@~start: unsafe-perm in lifecycle true
9 verbose lifecycle awesomePackages@~start: PATH: /usr/local/lib/node_modules/npm/bin/node-gyp-bin:/Users/benjamincherion/Desktop/awesomePackages/node_modules/.bin:/Users/benjamincherion/.rvm/gems/ruby-2.3.0/bin:/Users/benjamincherion/.rvm/gems/ruby-2.3.0@global/bin:/Users/benjamincherion/.rvm/rubies/ruby-2.3.0/bin:/Users/benjamincherion/googleCloud/google-cloud-sdk/bin:/usr/local/bin:/usr/bin:/bin:/usr/sbin:/sbin:/usr/local/git/bin:/Users/benjamincherion/.rvm/bin
10 verbose lifecycle awesomePackages@~start: CWD: /Users/benjamincherion/Desktop/awesomePackages
11 silly lifecycle awesomePackages@~start: Args: [ '-c', 'meteor --settings settings-development.json' ]
12 silly lifecycle awesomePackages@~start: Returned: code: 1  signal: null
13 info lifecycle awesomePackages@~start: Failed to exec start script
14 verbose stack Error: awesomePackages@ start: `meteor --settings settings-development.json`
14 verbose stack Exit status 1
14 verbose stack     at EventEmitter.<anonymous> (/usr/local/lib/node_modules/npm/lib/utils/lifecycle.js:279:16)
14 verbose stack     at emitTwo (events.js:106:13)
14 verbose stack     at EventEmitter.emit (events.js:192:7)
14 verbose stack     at ChildProcess.<anonymous> (/usr/local/lib/node_modules/npm/lib/utils/spawn.js:40:14)
14 verbose stack     at emitTwo (events.js:106:13)
14 verbose stack     at ChildProcess.emit (events.js:192:7)
14 verbose stack     at maybeClose (internal/child_process.js:890:16)
14 verbose stack     at Process.ChildProcess._handle.onexit (internal/child_process.js:226:5)
15 verbose pkgid awesomePackages@
16 verbose cwd /Users/benjamincherion/Desktop/awesomePackages
17 error Darwin 16.4.0
18 error argv "/usr/local/Cellar/node/7.5.0/bin/node" "/usr/local/bin/npm" "start"
19 error node v7.5.0
20 error npm  v4.1.2
21 error code ELIFECYCLE
22 error awesomePackages@ start: `meteor --settings settings-development.json`
22 error Exit status 1
23 error Failed at the awesomePackages@ start script 'meteor --settings settings-development.json'.
23 error Make sure you have the latest version of node.js and npm installed.
23 error If you do, this is most likely a problem with the awesomePackages package,
23 error not with npm itself.
23 error Tell the author that this fails on your system:
23 error     meteor --settings settings-development.json
23 error You can get information on how to open an issue for this project with:
23 error     npm bugs awesomePackages
23 error Or if that isn't available, you can get their info via:
23 error     npm owner ls awesomePackages
23 error There is likely additional logging output above.
24 verbose exit [ 1, true ]
